have_header: checking for vm_core.h... -------------------- no

"clang -o conftest -I/Users/takahashi/.rbenv/versions/2.5.1/include/ruby-2.5.0/x86_64-darwin17 -I/Users/takahashi/.rbenv/versions/2.5.1/include/ruby-2.5.0/ruby/backward -I/Users/takahashi/.rbenv/versions/2.5.1/include/ruby-2.5.0 -I. -I/Users/takahashi/.rbenv/sources/2.5.1/ruby-2.5.1 -I/Users/takahashi/.rbenv/versions/2.5.1/include  -D_XOPEN_SOURCE -D_DARWIN_C_SOURCE -D_DARWIN_UNLIMITED_SELECT -D_REENTRANT    -O3 -Wno-error=shorten-64-to-32  -pipe conftest.c  -L. -L/Users/takahashi/.rbenv/versions/2.5.1/lib -L. -L/Users/takahashi/.rbenv/versions/2.5.1/lib  -fstack-protector -L/usr/local/lib     -lruby.2.5.1-static -framework Foundation  -lpthread -ldl -lobjc "
ld: warning: text-based stub file /System/Library/Frameworks//Foundation.framework/Foundation.tbd and library file /System/Library/Frameworks//Foundation.framework/Foundation are out of sync. Falling back to library file for linking.
ld: warning: text-based stub file /System/Library/Frameworks//CoreFoundation.framework/Versions/A/CoreFoundation.tbd and library file /System/Library/Frameworks//CoreFoundation.framework/Versions/A/CoreFoundation are out of sync. Falling back to library file for linking.
checked program was:
/* begin */
1: #include "ruby.h"
2: 
3: int main(int argc, char **argv)
4: {
5:   return 0;
6: }
/* end */

"clang -E -I/Users/takahashi/.rbenv/versions/2.5.1/include/ruby-2.5.0/x86_64-darwin17 -I/Users/takahashi/.rbenv/versions/2.5.1/include/ruby-2.5.0/ruby/backward -I/Users/takahashi/.rbenv/versions/2.5.1/include/ruby-2.5.0 -I. -I/Users/takahashi/.rbenv/sources/2.5.1/ruby-2.5.1 -I/Users/takahashi/.rbenv/versions/2.5.1/include  -D_XOPEN_SOURCE -D_DARWIN_C_SOURCE -D_DARWIN_UNLIMITED_SELECT -D_REENTRANT    -O3 -Wno-error=shorten-64-to-32  -pipe  conftest.c -o conftest.i"
conftest.c:3:10: fatal error: 'vm_core.h' file not found
#include <vm_core.h>
         ^~~~~~~~~~~
1 error generated.
checked program was:
/* begin */
1: #include "ruby.h"
2: 
3: #include <vm_core.h>
/* end */

--------------------

have_header: checking for vm_core.h... -------------------- no

"clang -E -I/Users/takahashi/.rbenv/versions/2.5.1/include/ruby-2.5.0/x86_64-darwin17 -I/Users/takahashi/.rbenv/versions/2.5.1/include/ruby-2.5.0/ruby/backward -I/Users/takahashi/.rbenv/versions/2.5.1/include/ruby-2.5.0 -I. -I/Users/takahashi/.rbenv/versions/2.5.1/include/ruby-2.5.0/ruby-2.5.1-p57  -O3 -Wno-error=shorten-64-to-32  -pipe  conftest.c -o conftest.i"
conftest.c:3:10: fatal error: 'vm_core.h' file not found
#include <vm_core.h>
         ^~~~~~~~~~~
1 error generated.
checked program was:
/* begin */
1: #include "ruby.h"
2: 
3: #include <vm_core.h>
/* end */

--------------------

have_header: checking for vm_core.h... -------------------- yes

"clang -E -I/Users/takahashi/.rbenv/versions/2.5.1/include/ruby-2.5.0/x86_64-darwin17 -I/Users/takahashi/.rbenv/versions/2.5.1/include/ruby-2.5.0/ruby/backward -I/Users/takahashi/.rbenv/versions/2.5.1/include/ruby-2.5.0 -I. -I/Users/takahashi/Ruby/kintai_app/vendor/bundle/ruby/2.5.0/gems/debase-ruby_core_source-0.10.3/lib/debase/ruby_core_source/ruby-2.5.1-p57  -O3 -Wno-error=shorten-64-to-32  -pipe  conftest.c -o conftest.i"
checked program was:
/* begin */
1: #include "ruby.h"
2: 
3: #include <vm_core.h>
/* end */

--------------------

